<?xml version="1.0" encoding="UTF-8"?>
<testsuites>
  <testsuite name="C:\laragon\www\spw-monolith\phpunit.xml" tests="11" assertions="16" errors="0" failures="9" skipped="0" time="2.471345">
    <testsuite name="Feature" tests="11" assertions="16" errors="0" failures="9" skipped="0" time="2.471345">
      <testsuite name="Tests\Feature\CategoryTest" file="C:\laragon\www\spw-monolith\tests\Feature\CategoryTest.php" tests="2" assertions="3" errors="0" failures="1" skipped="0" time="1.287366">
        <testcase name="test_admin_can_create_a_category" file="C:\laragon\www\spw-monolith\tests\Feature\CategoryTest.php" line="14" class="Tests\Feature\CategoryTest" classname="Tests.Feature.CategoryTest" assertions="2" time="0.440211"/>
        <testcase name="test_admin_can_delete_a_category" file="C:\laragon\www\spw-monolith\tests\Feature\CategoryTest.php" line="27" class="Tests\Feature\CategoryTest" classname="Tests.Feature.CategoryTest" assertions="1" time="0.847155">
          <failure type="PHPUnit\Framework\ExpectationFailedException">Tests\Feature\CategoryTest::test_admin_can_delete_a_category&#13;
Expected response status code [302] but received 500.
Failed asserting that 500 is identical to 302.&#13;
&#13;
The following exception occurred during the last request:

TypeError: League\Flysystem\Filesystem::has(): Argument #1 ($location) must be of type string, null given, called in C:\laragon\www\spw-monolith\vendor\laravel\framework\src\Illuminate\Filesystem\FilesystemAdapter.php on line 218 and defined in C:\laragon\www\spw-monolith\vendor\league\flysystem\src\Filesystem.php:46
Stack trace:
#0 C:\laragon\www\spw-monolith\vendor\laravel\framework\src\Illuminate\Filesystem\FilesystemAdapter.php(218): League\Flysystem\Filesystem-&gt;has(NULL)
#1 C:\laragon\www\spw-monolith\app\Http\Controllers\CategoryController.php(32): Illuminate\Filesystem\FilesystemAdapter-&gt;exists(NULL)
#2 C:\laragon\www\spw-monolith\vendor\laravel\framework\src\Illuminate\Routing\ControllerDispatcher.php(46): App\Http\Controllers\CategoryController-&gt;destroy(Object(App\Models\Category))
#3 C:\laragon\www\spw-monolith\vendor\laravel\framework\src\Illuminate\Routing\Route.php(265): Illuminate\Routing\ControllerDispatcher-&gt;dispatch(Object(Illuminate\Routing\Route), Object(App\Http\Controllers\CategoryController), 'destroy')
#4 C:\laragon\www\spw-monolith\vendor\laravel\framework\src\Illuminate\Routing\Route.php(211): Illuminate\Routing\Route-&gt;runController()
#5 C:\laragon\www\spw-monolith\vendor\laravel\framework\src\Illuminate\Routing\Router.php(822): Illuminate\Routing\Route-&gt;run()
#6 C:\laragon\www\spw-monolith\vendor\laravel\framework\src\Illuminate\Pipeline\Pipeline.php(180): Illuminate\Routing\Router-&gt;Illuminate\Routing\{closure}(Object(Illuminate\Http\Request))
#7 C:\laragon\www\spw-monolith\app\Http\Middleware\RoleMiddleware.php(24): Illuminate\Pipeline\Pipeline-&gt;Illuminate\Pipeline\{closure}(Object(Illuminate\Http\Request))
#8 C:\laragon\www\spw-monolith\vendor\laravel\framework\src\Illuminate\Pipeline\Pipeline.php(219): App\Http\Middleware\RoleMiddleware-&gt;handle(Object(Illuminate\Http\Request), Object(Closure), 'admin', 'staff')
#9 C:\laragon\www\spw-monolith\app\Http\Middleware\DetectUnsupportedBrowser.php(28): Illuminate\Pipeline\Pipeline-&gt;Illuminate\Pipeline\{closure}(Object(Illuminate\Http\Request))
#10 C:\laragon\www\spw-monolith\vendor\laravel\framework\src\Illuminate\Pipeline\Pipeline.php(219): App\Http\Middleware\DetectUnsupportedBrowser-&gt;handle(Object(Illuminate\Http\Request), Object(Closure))
#11 C:\laragon\www\spw-monolith\vendor\laravel\framework\src\Illuminate\Http\Middleware\AddLinkHeadersForPreloadedAssets.php(32): Illuminate\Pipeline\Pipeline-&gt;Illuminate\Pipeline\{closure}(Object(Illuminate\Http\Request))
#12 C:\laragon\www\spw-monolith\vendor\laravel\framework\src\Illuminate\Pipeline\Pipeline.php(219): Illuminate\Http\Middleware\AddLinkHeadersForPreloadedAssets-&gt;handle(Object(Illuminate\Http\Request), Object(Closure))
#13 C:\laragon\www\spw-monolith\vendor\inertiajs\inertia-laravel\src\Middleware.php(100): Illuminate\Pipeline\Pipeline-&gt;Illuminate\Pipeline\{closure}(Object(Illuminate\Http\Request))
#14 C:\laragon\www\spw-monolith\vendor\laravel\framework\src\Illuminate\Pipeline\Pipeline.php(219): Inertia\Middleware-&gt;handle(Object(Illuminate\Http\Request), Object(Closure))
#15 C:\laragon\www\spw-monolith\vendor\laravel\framework\src\Illuminate\Routing\Middleware\SubstituteBindings.php(50): Illuminate\Pipeline\Pipeline-&gt;Illuminate\Pipeline\{closure}(Object(Illuminate\Http\Request))
#16 C:\laragon\www\spw-monolith\vendor\laravel\framework\src\Illuminate\Pipeline\Pipeline.php(219): Illuminate\Routing\Middleware\SubstituteBindings-&gt;handle(Object(Illuminate\Http\Request), Object(Closure))
#17 C:\laragon\www\spw-monolith\vendor\laravel\framework\src\Illuminate\Auth\Middleware\Authenticate.php(63): Illuminate\Pipeline\Pipeline-&gt;Illuminate\Pipeline\{closure}(Object(Illuminate\Http\Request))
#18 C:\laragon\www\spw-monolith\vendor\laravel\framework\src\Illuminate\Pipeline\Pipeline.php(219): Illuminate\Auth\Middleware\Authenticate-&gt;handle(Object(Illuminate\Http\Request), Object(Closure))
#19 C:\laragon\www\spw-monolith\vendor\laravel\framework\src\Illuminate\Foundation\Http\Middleware\VerifyCsrfToken.php(87): Illuminate\Pipeline\Pipeline-&gt;Illuminate\Pipeline\{closure}(Object(Illuminate\Http\Request))
#20 C:\laragon\www\spw-monolith\vendor\laravel\framework\src\Illuminate\Pipeline\Pipeline.php(219): Illuminate\Foundation\Http\Middleware\VerifyCsrfToken-&gt;handle(Object(Illuminate\Http\Request), Object(Closure))
#21 C:\laragon\www\spw-monolith\vendor\laravel\framework\src\Illuminate\View\Middleware\ShareErrorsFromSession.php(48): Illuminate\Pipeline\Pipeline-&gt;Illuminate\Pipeline\{closure}(Object(Illuminate\Http\Request))
#22 C:\laragon\www\spw-monolith\vendor\laravel\framework\src\Illuminate\Pipeline\Pipeline.php(219): Illuminate\View\Middleware\ShareErrorsFromSession-&gt;handle(Object(Illuminate\Http\Request), Object(Closure))
#23 C:\laragon\www\spw-monolith\vendor\laravel\framework\src\Illuminate\Session\Middleware\StartSession.php(120): Illuminate\Pipeline\Pipeline-&gt;Illuminate\Pipeline\{closure}(Object(Illuminate\Http\Request))
#24 C:\laragon\www\spw-monolith\vendor\laravel\framework\src\Illuminate\Session\Middleware\StartSession.php(63): Illuminate\Session\Middleware\StartSession-&gt;handleStatefulRequest(Object(Illuminate\Http\Request), Object(Illuminate\Session\Store), Object(Closure))
#25 C:\laragon\www\spw-monolith\vendor\laravel\framework\src\Illuminate\Pipeline\Pipeline.php(219): Illuminate\Session\Middleware\StartSession-&gt;handle(Object(Illuminate\Http\Request), Object(Closure))
#26 C:\laragon\www\spw-monolith\vendor\laravel\framework\src\Illuminate\Cookie\Middleware\AddQueuedCookiesToResponse.php(36): Illuminate\Pipeline\Pipeline-&gt;Illuminate\Pipeline\{closure}(Object(Illuminate\Http\Request))
#27 C:\laragon\www\spw-monolith\vendor\laravel\framework\src\Illuminate\Pipeline\Pipeline.php(219): Illuminate\Cookie\Middleware\AddQueuedCookiesToResponse-&gt;handle(Object(Illuminate\Http\Request), Object(Closure))
#28 C:\laragon\www\spw-monolith\vendor\laravel\framework\src\Illuminate\Cookie\Middleware\EncryptCookies.php(74): Illuminate\Pipeline\Pipeline-&gt;Illuminate\Pipeline\{closure}(Object(Illuminate\Http\Request))
#29 C:\laragon\www\spw-monolith\vendor\laravel\framework\src\Illuminate\Pipeline\Pipeline.php(219): Illuminate\Cookie\Middleware\EncryptCookies-&gt;handle(Object(Illuminate\Http\Request), Object(Closure))
#30 C:\laragon\www\spw-monolith\vendor\laravel\framework\src\Illuminate\Pipeline\Pipeline.php(137): Illuminate\Pipeline\Pipeline-&gt;Illuminate\Pipeline\{closure}(Object(Illuminate\Http\Request))
#31 C:\laragon\www\spw-monolith\vendor\laravel\framework\src\Illuminate\Routing\Router.php(821): Illuminate\Pipeline\Pipeline-&gt;then(Object(Closure))
#32 C:\laragon\www\spw-monolith\vendor\laravel\framework\src\Illuminate\Routing\Router.php(800): Illuminate\Routing\Router-&gt;runRouteWithinStack(Object(Illuminate\Routing\Route), Object(Illuminate\Http\Request))
#33 C:\laragon\www\spw-monolith\vendor\laravel\framework\src\Illuminate\Routing\Router.php(764): Illuminate\Routing\Router-&gt;runRoute(Object(Illuminate\Http\Request), Object(Illuminate\Routing\Route))
#34 C:\laragon\www\spw-monolith\vendor\laravel\framework\src\Illuminate\Routing\Router.php(753): Illuminate\Routing\Router-&gt;dispatchToRoute(Object(Illuminate\Http\Request))
#35 C:\laragon\www\spw-monolith\vendor\laravel\framework\src\Illuminate\Foundation\Http\Kernel.php(200): Illuminate\Routing\Router-&gt;dispatch(Object(Illuminate\Http\Request))
#36 C:\laragon\www\spw-monolith\vendor\laravel\framework\src\Illuminate\Pipeline\Pipeline.php(180): Illuminate\Foundation\Http\Kernel-&gt;Illuminate\Foundation\Http\{closure}(Object(Illuminate\Http\Request))
#37 C:\laragon\www\spw-monolith\vendor\laravel\framework\src\Illuminate\Foundation\Http\Middleware\TransformsRequest.php(21): Illuminate\Pipeline\Pipeline-&gt;Illuminate\Pipeline\{closure}(Object(Illuminate\Http\Request))
#38 C:\laragon\www\spw-monolith\vendor\laravel\framework\src\Illuminate\Foundation\Http\Middleware\ConvertEmptyStringsToNull.php(31): Illuminate\Foundation\Http\Middleware\TransformsRequest-&gt;handle(Object(Illuminate\Http\Request), Object(Closure))
#39 C:\laragon\www\spw-monolith\vendor\laravel\framework\src\Illuminate\Pipeline\Pipeline.php(219): Illuminate\Foundation\Http\Middleware\ConvertEmptyStringsToNull-&gt;handle(Object(Illuminate\Http\Request), Object(Closure))
#40 C:\laragon\www\spw-monolith\vendor\laravel\framework\src\Illuminate\Foundation\Http\Middleware\TransformsRequest.php(21): Illuminate\Pipeline\Pipeline-&gt;Illuminate\Pipeline\{closure}(Object(Illuminate\Http\Request))
#41 C:\laragon\www\spw-monolith\vendor\laravel\framework\src\Illuminate\Foundation\Http\Middleware\TrimStrings.php(51): Illuminate\Foundation\Http\Middleware\TransformsRequest-&gt;handle(Object(Illuminate\Http\Request), Object(Closure))
#42 C:\laragon\www\spw-monolith\vendor\laravel\framework\src\Illuminate\Pipeline\Pipeline.php(219): Illuminate\Foundation\Http\Middleware\TrimStrings-&gt;handle(Object(Illuminate\Http\Request), Object(Closure))
#43 C:\laragon\www\spw-monolith\vendor\laravel\framework\src\Illuminate\Http\Middleware\ValidatePostSize.php(27): Illuminate\Pipeline\Pipeline-&gt;Illuminate\Pipeline\{closure}(Object(Illuminate\Http\Request))
#44 C:\laragon\www\spw-monolith\vendor\laravel\framework\src\Illuminate\Pipeline\Pipeline.php(219): Illuminate\Http\Middleware\ValidatePostSize-&gt;handle(Object(Illuminate\Http\Request), Object(Closure))
#45 C:\laragon\www\spw-monolith\vendor\laravel\framework\src\Illuminate\Foundation\Http\Middleware\PreventRequestsDuringMaintenance.php(109): Illuminate\Pipeline\Pipeline-&gt;Illuminate\Pipeline\{closure}(Object(Illuminate\Http\Request))
#46 C:\laragon\www\spw-monolith\vendor\laravel\framework\src\Illuminate\Pipeline\Pipeline.php(219): Illuminate\Foundation\Http\Middleware\PreventRequestsDuringMaintenance-&gt;handle(Object(Illuminate\Http\Request), Object(Closure))
#47 C:\laragon\www\spw-monolith\vendor\laravel\framework\src\Illuminate\Http\Middleware\HandleCors.php(61): Illuminate\Pipeline\Pipeline-&gt;Illuminate\Pipeline\{closure}(Object(Illuminate\Http\Request))
#48 C:\laragon\www\spw-monolith\vendor\laravel\framework\src\Illuminate\Pipeline\Pipeline.php(219): Illuminate\Http\Middleware\HandleCors-&gt;handle(Object(Illuminate\Http\Request), Object(Closure))
#49 C:\laragon\www\spw-monolith\vendor\laravel\framework\src\Illuminate\Http\Middleware\TrustProxies.php(58): Illuminate\Pipeline\Pipeline-&gt;Illuminate\Pipeline\{closure}(Object(Illuminate\Http\Request))
#50 C:\laragon\www\spw-monolith\vendor\laravel\framework\src\Illuminate\Pipeline\Pipeline.php(219): Illuminate\Http\Middleware\TrustProxies-&gt;handle(Object(Illuminate\Http\Request), Object(Closure))
#51 C:\laragon\www\spw-monolith\vendor\laravel\framework\src\Illuminate\Foundation\Http\Middleware\InvokeDeferredCallbacks.php(22): Illuminate\Pipeline\Pipeline-&gt;Illuminate\Pipeline\{closure}(Object(Illuminate\Http\Request))
#52 C:\laragon\www\spw-monolith\vendor\laravel\framework\src\Illuminate\Pipeline\Pipeline.php(219): Illuminate\Foundation\Http\Middleware\InvokeDeferredCallbacks-&gt;handle(Object(Illuminate\Http\Request), Object(Closure))
#53 C:\laragon\www\spw-monolith\vendor\laravel\framework\src\Illuminate\Http\Middleware\ValidatePathEncoding.php(26): Illuminate\Pipeline\Pipeline-&gt;Illuminate\Pipeline\{closure}(Object(Illuminate\Http\Request))
#54 C:\laragon\www\spw-monolith\vendor\laravel\framework\src\Illuminate\Pipeline\Pipeline.php(219): Illuminate\Http\Middleware\ValidatePathEncoding-&gt;handle(Object(Illuminate\Http\Request), Object(Closure))
#55 C:\laragon\www\spw-monolith\vendor\laravel\framework\src\Illuminate\Pipeline\Pipeline.php(137): Illuminate\Pipeline\Pipeline-&gt;Illuminate\Pipeline\{closure}(Object(Illuminate\Http\Request))
#56 C:\laragon\www\spw-monolith\vendor\laravel\framework\src\Illuminate\Foundation\Http\Kernel.php(175): Illuminate\Pipeline\Pipeline-&gt;then(Object(Closure))
#57 C:\laragon\www\spw-monolith\vendor\laravel\framework\src\Illuminate\Foundation\Http\Kernel.php(144): Illuminate\Foundation\Http\Kernel-&gt;sendRequestThroughRouter(Object(Illuminate\Http\Request))
#58 C:\laragon\www\spw-monolith\vendor\laravel\framework\src\Illuminate\Foundation\Testing\Concerns\MakesHttpRequests.php(607): Illuminate\Foundation\Http\Kernel-&gt;handle(Object(Illuminate\Http\Request))
#59 C:\laragon\www\spw-monolith\vendor\laravel\framework\src\Illuminate\Foundation\Testing\Concerns\MakesHttpRequests.php(487): Illuminate\Foundation\Testing\TestCase-&gt;call('DELETE', 'http://localhos...', Array, Array, Array, Array)
#60 C:\laragon\www\spw-monolith\tests\Feature\CategoryTest.php(32): Illuminate\Foundation\Testing\TestCase-&gt;delete('http://localhos...')
#61 C:\laragon\www\spw-monolith\vendor\phpunit\phpunit\src\Framework\TestCase.php(1656): Tests\Feature\CategoryTest-&gt;test_admin_can_delete_a_category()
#62 C:\laragon\www\spw-monolith\vendor\phpunit\phpunit\src\Framework\TestCase.php(514): PHPUnit\Framework\TestCase-&gt;runTest()
#63 C:\laragon\www\spw-monolith\vendor\phpunit\phpunit\src\Framework\TestRunner\TestRunner.php(87): PHPUnit\Framework\TestCase-&gt;runBare()
#64 C:\laragon\www\spw-monolith\vendor\phpunit\phpunit\src\Framework\TestCase.php(361): PHPUnit\Framework\TestRunner-&gt;run(Object(Tests\Feature\CategoryTest))
#65 C:\laragon\www\spw-monolith\vendor\phpunit\phpunit\src\Framework\TestSuite.php(369): PHPUnit\Framework\TestCase-&gt;run()
#66 C:\laragon\www\spw-monolith\vendor\phpunit\phpunit\src\Framework\TestSuite.php(369): PHPUnit\Framework\TestSuite-&gt;run()
#67 C:\laragon\www\spw-monolith\vendor\phpunit\phpunit\src\Framework\TestSuite.php(369): PHPUnit\Framework\TestSuite-&gt;run()
#68 C:\laragon\www\spw-monolith\vendor\phpunit\phpunit\src\TextUI\TestRunner.php(64): PHPUnit\Framework\TestSuite-&gt;run()
#69 C:\laragon\www\spw-monolith\vendor\phpunit\phpunit\src\TextUI\Application.php(210): PHPUnit\TextUI\TestRunner-&gt;run(Object(PHPUnit\TextUI\Configuration\Configuration), Object(PHPUnit\Runner\ResultCache\DefaultResultCache), Object(PHPUnit\Framework\TestSuite))
#70 C:\laragon\www\spw-monolith\vendor\phpunit\phpunit\phpunit(104): PHPUnit\TextUI\Application-&gt;run(Array)
#71 C:\laragon\www\spw-monolith\vendor\bin\phpunit(123): include('C:\\laragon\\www\\...')
#72 {main}

----------------------------------------------------------------------------------

League\Flysystem\Filesystem::has(): Argument #1 ($location) must be of type string, null given, called in C:\laragon\www\spw-monolith\vendor\laravel\framework\src\Illuminate\Filesystem\FilesystemAdapter.php on line 218
&#13;
C:\laragon\www\spw-monolith\vendor\laravel\framework\src\Illuminate\Testing\TestResponseAssert.php:45
C:\laragon\www\spw-monolith\vendor\laravel\framework\src\Illuminate\Testing\TestResponse.php:174
C:\laragon\www\spw-monolith\tests\Feature\CategoryTest.php:34</failure>
        </testcase>
      </testsuite>
      <testsuite name="Tests\Feature\DashboardTest" file="C:\laragon\www\spw-monolith\tests\Feature\DashboardTest.php" tests="2" assertions="2" errors="0" failures="1" skipped="0" time="0.663166">
        <testcase name="test_admin_can_access_admin_dashboard" file="C:\laragon\www\spw-monolith\tests\Feature\DashboardTest.php" line="13" class="Tests\Feature\DashboardTest" classname="Tests.Feature.DashboardTest" assertions="1" time="0.635126">
          <failure type="PHPUnit\Framework\ExpectationFailedException">Tests\Feature\DashboardTest::test_admin_can_access_admin_dashboard&#13;
Expected response status code [200] but received 500.
Failed asserting that 500 is identical to 200.&#13;
&#13;
The following exception occurred during the last request:

PDOException: SQLSTATE[HY000]: General error: 1 no such function: MONTH in C:\laragon\www\spw-monolith\vendor\laravel\framework\src\Illuminate\Database\Connection.php:420
Stack trace:
#0 C:\laragon\www\spw-monolith\vendor\laravel\framework\src\Illuminate\Database\Connection.php(420): PDO-&gt;prepare('select MONTH(cr...')
#1 C:\laragon\www\spw-monolith\vendor\laravel\framework\src\Illuminate\Database\Connection.php(827): Illuminate\Database\Connection-&gt;Illuminate\Database\{closure}('select MONTH(cr...', Array)
#2 C:\laragon\www\spw-monolith\vendor\laravel\framework\src\Illuminate\Database\Connection.php(794): Illuminate\Database\Connection-&gt;runQueryCallback('select MONTH(cr...', Array, Object(Closure))
#3 C:\laragon\www\spw-monolith\vendor\laravel\framework\src\Illuminate\Database\Connection.php(411): Illuminate\Database\Connection-&gt;run('select MONTH(cr...', Array, Object(Closure))
#4 C:\laragon\www\spw-monolith\vendor\laravel\framework\src\Illuminate\Database\Query\Builder.php(3475): Illuminate\Database\Connection-&gt;select('select MONTH(cr...', Array, true)
#5 C:\laragon\www\spw-monolith\vendor\laravel\framework\src\Illuminate\Database\Query\Builder.php(3733): Illuminate\Database\Query\Builder-&gt;runSelect()
#6 C:\laragon\www\spw-monolith\vendor\laravel\framework\src\Illuminate\Database\Query\Builder.php(4050): Illuminate\Database\Query\Builder-&gt;Illuminate\Database\Query\{closure}()
#7 C:\laragon\www\spw-monolith\vendor\laravel\framework\src\Illuminate\Database\Query\Builder.php(3729): Illuminate\Database\Query\Builder-&gt;onceWithColumns(Array, Object(Closure))
#8 C:\laragon\www\spw-monolith\vendor\laravel\framework\src\Illuminate\Database\Eloquent\Builder.php(1082): Illuminate\Database\Query\Builder-&gt;pluck('count', 'month')
#9 C:\laragon\www\spw-monolith\app\Http\Controllers\DashboardController.php(25): Illuminate\Database\Eloquent\Builder-&gt;pluck('count', 'month')
#10 C:\laragon\www\spw-monolith\vendor\laravel\framework\src\Illuminate\Routing\ControllerDispatcher.php(46): App\Http\Controllers\DashboardController-&gt;render_home()
#11 C:\laragon\www\spw-monolith\vendor\laravel\framework\src\Illuminate\Routing\Route.php(265): Illuminate\Routing\ControllerDispatcher-&gt;dispatch(Object(Illuminate\Routing\Route), Object(App\Http\Controllers\DashboardController), 'render_home')
#12 C:\laragon\www\spw-monolith\vendor\laravel\framework\src\Illuminate\Routing\Route.php(211): Illuminate\Routing\Route-&gt;runController()
#13 C:\laragon\www\spw-monolith\vendor\laravel\framework\src\Illuminate\Routing\Router.php(822): Illuminate\Routing\Route-&gt;run()
#14 C:\laragon\www\spw-monolith\vendor\laravel\framework\src\Illuminate\Pipeline\Pipeline.php(180): Illuminate\Routing\Router-&gt;Illuminate\Routing\{closure}(Object(Illuminate\Http\Request))
#15 C:\laragon\www\spw-monolith\app\Http\Middleware\RoleMiddleware.php(24): Illuminate\Pipeline\Pipeline-&gt;Illuminate\Pipeline\{closure}(Object(Illuminate\Http\Request))
#16 C:\laragon\www\spw-monolith\vendor\laravel\framework\src\Illuminate\Pipeline\Pipeline.php(219): App\Http\Middleware\RoleMiddleware-&gt;handle(Object(Illuminate\Http\Request), Object(Closure), 'admin')
#17 C:\laragon\www\spw-monolith\app\Http\Middleware\DetectUnsupportedBrowser.php(28): Illuminate\Pipeline\Pipeline-&gt;Illuminate\Pipeline\{closure}(Object(Illuminate\Http\Request))
#18 C:\laragon\www\spw-monolith\vendor\laravel\framework\src\Illuminate\Pipeline\Pipeline.php(219): App\Http\Middleware\DetectUnsupportedBrowser-&gt;handle(Object(Illuminate\Http\Request), Object(Closure))
#19 C:\laragon\www\spw-monolith\vendor\laravel\framework\src\Illuminate\Http\Middleware\AddLinkHeadersForPreloadedAssets.php(32): Illuminate\Pipeline\Pipeline-&gt;Illuminate\Pipeline\{closure}(Object(Illuminate\Http\Request))
#20 C:\laragon\www\spw-monolith\vendor\laravel\framework\src\Illuminate\Pipeline\Pipeline.php(219): Illuminate\Http\Middleware\AddLinkHeadersForPreloadedAssets-&gt;handle(Object(Illuminate\Http\Request), Object(Closure))
#21 C:\laragon\www\spw-monolith\vendor\inertiajs\inertia-laravel\src\Middleware.php(100): Illuminate\Pipeline\Pipeline-&gt;Illuminate\Pipeline\{closure}(Object(Illuminate\Http\Request))
#22 C:\laragon\www\spw-monolith\vendor\laravel\framework\src\Illuminate\Pipeline\Pipeline.php(219): Inertia\Middleware-&gt;handle(Object(Illuminate\Http\Request), Object(Closure))
#23 C:\laragon\www\spw-monolith\vendor\laravel\framework\src\Illuminate\Routing\Middleware\SubstituteBindings.php(50): Illuminate\Pipeline\Pipeline-&gt;Illuminate\Pipeline\{closure}(Object(Illuminate\Http\Request))
#24 C:\laragon\www\spw-monolith\vendor\laravel\framework\src\Illuminate\Pipeline\Pipeline.php(219): Illuminate\Routing\Middleware\SubstituteBindings-&gt;handle(Object(Illuminate\Http\Request), Object(Closure))
#25 C:\laragon\www\spw-monolith\vendor\laravel\framework\src\Illuminate\Auth\Middleware\Authenticate.php(63): Illuminate\Pipeline\Pipeline-&gt;Illuminate\Pipeline\{closure}(Object(Illuminate\Http\Request))
#26 C:\laragon\www\spw-monolith\vendor\laravel\framework\src\Illuminate\Pipeline\Pipeline.php(219): Illuminate\Auth\Middleware\Authenticate-&gt;handle(Object(Illuminate\Http\Request), Object(Closure))
#27 C:\laragon\www\spw-monolith\vendor\laravel\framework\src\Illuminate\Foundation\Http\Middleware\VerifyCsrfToken.php(87): Illuminate\Pipeline\Pipeline-&gt;Illuminate\Pipeline\{closure}(Object(Illuminate\Http\Request))
#28 C:\laragon\www\spw-monolith\vendor\laravel\framework\src\Illuminate\Pipeline\Pipeline.php(219): Illuminate\Foundation\Http\Middleware\VerifyCsrfToken-&gt;handle(Object(Illuminate\Http\Request), Object(Closure))
#29 C:\laragon\www\spw-monolith\vendor\laravel\framework\src\Illuminate\View\Middleware\ShareErrorsFromSession.php(48): Illuminate\Pipeline\Pipeline-&gt;Illuminate\Pipeline\{closure}(Object(Illuminate\Http\Request))
#30 C:\laragon\www\spw-monolith\vendor\laravel\framework\src\Illuminate\Pipeline\Pipeline.php(219): Illuminate\View\Middleware\ShareErrorsFromSession-&gt;handle(Object(Illuminate\Http\Request), Object(Closure))
#31 C:\laragon\www\spw-monolith\vendor\laravel\framework\src\Illuminate\Session\Middleware\StartSession.php(120): Illuminate\Pipeline\Pipeline-&gt;Illuminate\Pipeline\{closure}(Object(Illuminate\Http\Request))
#32 C:\laragon\www\spw-monolith\vendor\laravel\framework\src\Illuminate\Session\Middleware\StartSession.php(63): Illuminate\Session\Middleware\StartSession-&gt;handleStatefulRequest(Object(Illuminate\Http\Request), Object(Illuminate\Session\Store), Object(Closure))
#33 C:\laragon\www\spw-monolith\vendor\laravel\framework\src\Illuminate\Pipeline\Pipeline.php(219): Illuminate\Session\Middleware\StartSession-&gt;handle(Object(Illuminate\Http\Request), Object(Closure))
#34 C:\laragon\www\spw-monolith\vendor\laravel\framework\src\Illuminate\Cookie\Middleware\AddQueuedCookiesToResponse.php(36): Illuminate\Pipeline\Pipeline-&gt;Illuminate\Pipeline\{closure}(Object(Illuminate\Http\Request))
#35 C:\laragon\www\spw-monolith\vendor\laravel\framework\src\Illuminate\Pipeline\Pipeline.php(219): Illuminate\Cookie\Middleware\AddQueuedCookiesToResponse-&gt;handle(Object(Illuminate\Http\Request), Object(Closure))
#36 C:\laragon\www\spw-monolith\vendor\laravel\framework\src\Illuminate\Cookie\Middleware\EncryptCookies.php(74): Illuminate\Pipeline\Pipeline-&gt;Illuminate\Pipeline\{closure}(Object(Illuminate\Http\Request))
#37 C:\laragon\www\spw-monolith\vendor\laravel\framework\src\Illuminate\Pipeline\Pipeline.php(219): Illuminate\Cookie\Middleware\EncryptCookies-&gt;handle(Object(Illuminate\Http\Request), Object(Closure))
#38 C:\laragon\www\spw-monolith\vendor\laravel\framework\src\Illuminate\Pipeline\Pipeline.php(137): Illuminate\Pipeline\Pipeline-&gt;Illuminate\Pipeline\{closure}(Object(Illuminate\Http\Request))
#39 C:\laragon\www\spw-monolith\vendor\laravel\framework\src\Illuminate\Routing\Router.php(821): Illuminate\Pipeline\Pipeline-&gt;then(Object(Closure))
#40 C:\laragon\www\spw-monolith\vendor\laravel\framework\src\Illuminate\Routing\Router.php(800): Illuminate\Routing\Router-&gt;runRouteWithinStack(Object(Illuminate\Routing\Route), Object(Illuminate\Http\Request))
#41 C:\laragon\www\spw-monolith\vendor\laravel\framework\src\Illuminate\Routing\Router.php(764): Illuminate\Routing\Router-&gt;runRoute(Object(Illuminate\Http\Request), Object(Illuminate\Routing\Route))
#42 C:\laragon\www\spw-monolith\vendor\laravel\framework\src\Illuminate\Routing\Router.php(753): Illuminate\Routing\Router-&gt;dispatchToRoute(Object(Illuminate\Http\Request))
#43 C:\laragon\www\spw-monolith\vendor\laravel\framework\src\Illuminate\Foundation\Http\Kernel.php(200): Illuminate\Routing\Router-&gt;dispatch(Object(Illuminate\Http\Request))
#44 C:\laragon\www\spw-monolith\vendor\laravel\framework\src\Illuminate\Pipeline\Pipeline.php(180): Illuminate\Foundation\Http\Kernel-&gt;Illuminate\Foundation\Http\{closure}(Object(Illuminate\Http\Request))
#45 C:\laragon\www\spw-monolith\vendor\laravel\framework\src\Illuminate\Foundation\Http\Middleware\TransformsRequest.php(21): Illuminate\Pipeline\Pipeline-&gt;Illuminate\Pipeline\{closure}(Object(Illuminate\Http\Request))
#46 C:\laragon\www\spw-monolith\vendor\laravel\framework\src\Illuminate\Foundation\Http\Middleware\ConvertEmptyStringsToNull.php(31): Illuminate\Foundation\Http\Middleware\TransformsRequest-&gt;handle(Object(Illuminate\Http\Request), Object(Closure))
#47 C:\laragon\www\spw-monolith\vendor\laravel\framework\src\Illuminate\Pipeline\Pipeline.php(219): Illuminate\Foundation\Http\Middleware\ConvertEmptyStringsToNull-&gt;handle(Object(Illuminate\Http\Request), Object(Closure))
#48 C:\laragon\www\spw-monolith\vendor\laravel\framework\src\Illuminate\Foundation\Http\Middleware\TransformsRequest.php(21): Illuminate\Pipeline\Pipeline-&gt;Illuminate\Pipeline\{closure}(Object(Illuminate\Http\Request))
#49 C:\laragon\www\spw-monolith\vendor\laravel\framework\src\Illuminate\Foundation\Http\Middleware\TrimStrings.php(51): Illuminate\Foundation\Http\Middleware\TransformsRequest-&gt;handle(Object(Illuminate\Http\Request), Object(Closure))
#50 C:\laragon\www\spw-monolith\vendor\laravel\framework\src\Illuminate\Pipeline\Pipeline.php(219): Illuminate\Foundation\Http\Middleware\TrimStrings-&gt;handle(Object(Illuminate\Http\Request), Object(Closure))
#51 C:\laragon\www\spw-monolith\vendor\laravel\framework\src\Illuminate\Http\Middleware\ValidatePostSize.php(27): Illuminate\Pipeline\Pipeline-&gt;Illuminate\Pipeline\{closure}(Object(Illuminate\Http\Request))
#52 C:\laragon\www\spw-monolith\vendor\laravel\framework\src\Illuminate\Pipeline\Pipeline.php(219): Illuminate\Http\Middleware\ValidatePostSize-&gt;handle(Object(Illuminate\Http\Request), Object(Closure))
#53 C:\laragon\www\spw-monolith\vendor\laravel\framework\src\Illuminate\Foundation\Http\Middleware\PreventRequestsDuringMaintenance.php(109): Illuminate\Pipeline\Pipeline-&gt;Illuminate\Pipeline\{closure}(Object(Illuminate\Http\Request))
#54 C:\laragon\www\spw-monolith\vendor\laravel\framework\src\Illuminate\Pipeline\Pipeline.php(219): Illuminate\Foundation\Http\Middleware\PreventRequestsDuringMaintenance-&gt;handle(Object(Illuminate\Http\Request), Object(Closure))
#55 C:\laragon\www\spw-monolith\vendor\laravel\framework\src\Illuminate\Http\Middleware\HandleCors.php(61): Illuminate\Pipeline\Pipeline-&gt;Illuminate\Pipeline\{closure}(Object(Illuminate\Http\Request))
#56 C:\laragon\www\spw-monolith\vendor\laravel\framework\src\Illuminate\Pipeline\Pipeline.php(219): Illuminate\Http\Middleware\HandleCors-&gt;handle(Object(Illuminate\Http\Request), Object(Closure))
#57 C:\laragon\www\spw-monolith\vendor\laravel\framework\src\Illuminate\Http\Middleware\TrustProxies.php(58): Illuminate\Pipeline\Pipeline-&gt;Illuminate\Pipeline\{closure}(Object(Illuminate\Http\Request))
#58 C:\laragon\www\spw-monolith\vendor\laravel\framework\src\Illuminate\Pipeline\Pipeline.php(219): Illuminate\Http\Middleware\TrustProxies-&gt;handle(Object(Illuminate\Http\Request), Object(Closure))
#59 C:\laragon\www\spw-monolith\vendor\laravel\framework\src\Illuminate\Foundation\Http\Middleware\InvokeDeferredCallbacks.php(22): Illuminate\Pipeline\Pipeline-&gt;Illuminate\Pipeline\{closure}(Object(Illuminate\Http\Request))
#60 C:\laragon\www\spw-monolith\vendor\laravel\framework\src\Illuminate\Pipeline\Pipeline.php(219): Illuminate\Foundation\Http\Middleware\InvokeDeferredCallbacks-&gt;handle(Object(Illuminate\Http\Request), Object(Closure))
#61 C:\laragon\www\spw-monolith\vendor\laravel\framework\src\Illuminate\Http\Middleware\ValidatePathEncoding.php(26): Illuminate\Pipeline\Pipeline-&gt;Illuminate\Pipeline\{closure}(Object(Illuminate\Http\Request))
#62 C:\laragon\www\spw-monolith\vendor\laravel\framework\src\Illuminate\Pipeline\Pipeline.php(219): Illuminate\Http\Middleware\ValidatePathEncoding-&gt;handle(Object(Illuminate\Http\Request), Object(Closure))
#63 C:\laragon\www\spw-monolith\vendor\laravel\framework\src\Illuminate\Pipeline\Pipeline.php(137): Illuminate\Pipeline\Pipeline-&gt;Illuminate\Pipeline\{closure}(Object(Illuminate\Http\Request))
#64 C:\laragon\www\spw-monolith\vendor\laravel\framework\src\Illuminate\Foundation\Http\Kernel.php(175): Illuminate\Pipeline\Pipeline-&gt;then(Object(Closure))
#65 C:\laragon\www\spw-monolith\vendor\laravel\framework\src\Illuminate\Foundation\Http\Kernel.php(144): Illuminate\Foundation\Http\Kernel-&gt;sendRequestThroughRouter(Object(Illuminate\Http\Request))
#66 C:\laragon\www\spw-monolith\vendor\laravel\framework\src\Illuminate\Foundation\Testing\Concerns\MakesHttpRequests.php(607): Illuminate\Foundation\Http\Kernel-&gt;handle(Object(Illuminate\Http\Request))
#67 C:\laragon\www\spw-monolith\vendor\laravel\framework\src\Illuminate\Foundation\Testing\Concerns\MakesHttpRequests.php(368): Illuminate\Foundation\Testing\TestCase-&gt;call('GET', 'http://localhos...', Array, Array, Array, Array)
#68 C:\laragon\www\spw-monolith\tests\Feature\DashboardTest.php(17): Illuminate\Foundation\Testing\TestCase-&gt;get('http://localhos...')
#69 C:\laragon\www\spw-monolith\vendor\phpunit\phpunit\src\Framework\TestCase.php(1656): Tests\Feature\DashboardTest-&gt;test_admin_can_access_admin_dashboard()
#70 C:\laragon\www\spw-monolith\vendor\phpunit\phpunit\src\Framework\TestCase.php(514): PHPUnit\Framework\TestCase-&gt;runTest()
#71 C:\laragon\www\spw-monolith\vendor\phpunit\phpunit\src\Framework\TestRunner\TestRunner.php(87): PHPUnit\Framework\TestCase-&gt;runBare()
#72 C:\laragon\www\spw-monolith\vendor\phpunit\phpunit\src\Framework\TestCase.php(361): PHPUnit\Framework\TestRunner-&gt;run(Object(Tests\Feature\DashboardTest))
#73 C:\laragon\www\spw-monolith\vendor\phpunit\phpunit\src\Framework\TestSuite.php(369): PHPUnit\Framework\TestCase-&gt;run()
#74 C:\laragon\www\spw-monolith\vendor\phpunit\phpunit\src\Framework\TestSuite.php(369): PHPUnit\Framework\TestSuite-&gt;run()
#75 C:\laragon\www\spw-monolith\vendor\phpunit\phpunit\src\Framework\TestSuite.php(369): PHPUnit\Framework\TestSuite-&gt;run()
#76 C:\laragon\www\spw-monolith\vendor\phpunit\phpunit\src\TextUI\TestRunner.php(64): PHPUnit\Framework\TestSuite-&gt;run()
#77 C:\laragon\www\spw-monolith\vendor\phpunit\phpunit\src\TextUI\Application.php(210): PHPUnit\TextUI\TestRunner-&gt;run(Object(PHPUnit\TextUI\Configuration\Configuration), Object(PHPUnit\Runner\ResultCache\DefaultResultCache), Object(PHPUnit\Framework\TestSuite))
#78 C:\laragon\www\spw-monolith\vendor\phpunit\phpunit\phpunit(104): PHPUnit\TextUI\Application-&gt;run(Array)
#79 C:\laragon\www\spw-monolith\vendor\bin\phpunit(123): include('C:\\laragon\\www\\...')
#80 {main}

Next Illuminate\Database\QueryException: SQLSTATE[HY000]: General error: 1 no such function: MONTH (Connection: sqlite, Database: :memory:, SQL: select MONTH(created_at) as month, COUNT(*) as count from "orders" where strftime('%Y', "created_at") = cast(2026 as text) group by "month") in C:\laragon\www\spw-monolith\vendor\laravel\framework\src\Illuminate\Database\Connection.php:838
Stack trace:
#0 C:\laragon\www\spw-monolith\vendor\laravel\framework\src\Illuminate\Database\Connection.php(794): Illuminate\Database\Connection-&gt;runQueryCallback('select MONTH(cr...', Array, Object(Closure))
#1 C:\laragon\www\spw-monolith\vendor\laravel\framework\src\Illuminate\Database\Connection.php(411): Illuminate\Database\Connection-&gt;run('select MONTH(cr...', Array, Object(Closure))
#2 C:\laragon\www\spw-monolith\vendor\laravel\framework\src\Illuminate\Database\Query\Builder.php(3475): Illuminate\Database\Connection-&gt;select('select MONTH(cr...', Array, true)
#3 C:\laragon\www\spw-monolith\vendor\laravel\framework\src\Illuminate\Database\Query\Builder.php(3733): Illuminate\Database\Query\Builder-&gt;runSelect()
#4 C:\laragon\www\spw-monolith\vendor\laravel\framework\src\Illuminate\Database\Query\Builder.php(4050): Illuminate\Database\Query\Builder-&gt;Illuminate\Database\Query\{closure}()
#5 C:\laragon\www\spw-monolith\vendor\laravel\framework\src\Illuminate\Database\Query\Builder.php(3729): Illuminate\Database\Query\Builder-&gt;onceWithColumns(Array, Object(Closure))
#6 C:\laragon\www\spw-monolith\vendor\laravel\framework\src\Illuminate\Database\Eloquent\Builder.php(1082): Illuminate\Database\Query\Builder-&gt;pluck('count', 'month')
#7 C:\laragon\www\spw-monolith\app\Http\Controllers\DashboardController.php(25): Illuminate\Database\Eloquent\Builder-&gt;pluck('count', 'month')
#8 C:\laragon\www\spw-monolith\vendor\laravel\framework\src\Illuminate\Routing\ControllerDispatcher.php(46): App\Http\Controllers\DashboardController-&gt;render_home()
#9 C:\laragon\www\spw-monolith\vendor\laravel\framework\src\Illuminate\Routing\Route.php(265): Illuminate\Routing\ControllerDispatcher-&gt;dispatch(Object(Illuminate\Routing\Route), Object(App\Http\Controllers\DashboardController), 'render_home')
#10 C:\laragon\www\spw-monolith\vendor\laravel\framework\src\Illuminate\Routing\Route.php(211): Illuminate\Routing\Route-&gt;runController()
#11 C:\laragon\www\spw-monolith\vendor\laravel\framework\src\Illuminate\Routing\Router.php(822): Illuminate\Routing\Route-&gt;run()
#12 C:\laragon\www\spw-monolith\vendor\laravel\framework\src\Illuminate\Pipeline\Pipeline.php(180): Illuminate\Routing\Router-&gt;Illuminate\Routing\{closure}(Object(Illuminate\Http\Request))
#13 C:\laragon\www\spw-monolith\app\Http\Middleware\RoleMiddleware.php(24): Illuminate\Pipeline\Pipeline-&gt;Illuminate\Pipeline\{closure}(Object(Illuminate\Http\Request))
#14 C:\laragon\www\spw-monolith\vendor\laravel\framework\src\Illuminate\Pipeline\Pipeline.php(219): App\Http\Middleware\RoleMiddleware-&gt;handle(Object(Illuminate\Http\Request), Object(Closure), 'admin')
#15 C:\laragon\www\spw-monolith\app\Http\Middleware\DetectUnsupportedBrowser.php(28): Illuminate\Pipeline\Pipeline-&gt;Illuminate\Pipeline\{closure}(Object(Illuminate\Http\Request))
#16 C:\laragon\www\spw-monolith\vendor\laravel\framework\src\Illuminate\Pipeline\Pipeline.php(219): App\Http\Middleware\DetectUnsupportedBrowser-&gt;handle(Object(Illuminate\Http\Request), Object(Closure))
#17 C:\laragon\www\spw-monolith\vendor\laravel\framework\src\Illuminate\Http\Middleware\AddLinkHeadersForPreloadedAssets.php(32): Illuminate\Pipeline\Pipeline-&gt;Illuminate\Pipeline\{closure}(Object(Illuminate\Http\Request))
#18 C:\laragon\www\spw-monolith\vendor\laravel\framework\src\Illuminate\Pipeline\Pipeline.php(219): Illuminate\Http\Middleware\AddLinkHeadersForPreloadedAssets-&gt;handle(Object(Illuminate\Http\Request), Object(Closure))
#19 C:\laragon\www\spw-monolith\vendor\inertiajs\inertia-laravel\src\Middleware.php(100): Illuminate\Pipeline\Pipeline-&gt;Illuminate\Pipeline\{closure}(Object(Illuminate\Http\Request))
#20 C:\laragon\www\spw-monolith\vendor\laravel\framework\src\Illuminate\Pipeline\Pipeline.php(219): Inertia\Middleware-&gt;handle(Object(Illuminate\Http\Request), Object(Closure))
#21 C:\laragon\www\spw-monolith\vendor\laravel\framework\src\Illuminate\Routing\Middleware\SubstituteBindings.php(50): Illuminate\Pipeline\Pipeline-&gt;Illuminate\Pipeline\{closure}(Object(Illuminate\Http\Request))
#22 C:\laragon\www\spw-monolith\vendor\laravel\framework\src\Illuminate\Pipeline\Pipeline.php(219): Illuminate\Routing\Middleware\SubstituteBindings-&gt;handle(Object(Illuminate\Http\Request), Object(Closure))
#23 C:\laragon\www\spw-monolith\vendor\laravel\framework\src\Illuminate\Auth\Middleware\Authenticate.php(63): Illuminate\Pipeline\Pipeline-&gt;Illuminate\Pipeline\{closure}(Object(Illuminate\Http\Request))
#24 C:\laragon\www\spw-monolith\vendor\laravel\framework\src\Illuminate\Pipeline\Pipeline.php(219): Illuminate\Auth\Middleware\Authenticate-&gt;handle(Object(Illuminate\Http\Request), Object(Closure))
#25 C:\laragon\www\spw-monolith\vendor\laravel\framework\src\Illuminate\Foundation\Http\Middleware\VerifyCsrfToken.php(87): Illuminate\Pipeline\Pipeline-&gt;Illuminate\Pipeline\{closure}(Object(Illuminate\Http\Request))
#26 C:\laragon\www\spw-monolith\vendor\laravel\framework\src\Illuminate\Pipeline\Pipeline.php(219): Illuminate\Foundation\Http\Middleware\VerifyCsrfToken-&gt;handle(Object(Illuminate\Http\Request), Object(Closure))
#27 C:\laragon\www\spw-monolith\vendor\laravel\framework\src\Illuminate\View\Middleware\ShareErrorsFromSession.php(48): Illuminate\Pipeline\Pipeline-&gt;Illuminate\Pipeline\{closure}(Object(Illuminate\Http\Request))
#28 C:\laragon\www\spw-monolith\vendor\laravel\framework\src\Illuminate\Pipeline\Pipeline.php(219): Illuminate\View\Middleware\ShareErrorsFromSession-&gt;handle(Object(Illuminate\Http\Request), Object(Closure))
#29 C:\laragon\www\spw-monolith\vendor\laravel\framework\src\Illuminate\Session\Middleware\StartSession.php(120): Illuminate\Pipeline\Pipeline-&gt;Illuminate\Pipeline\{closure}(Object(Illuminate\Http\Request))
#30 C:\laragon\www\spw-monolith\vendor\laravel\framework\src\Illuminate\Session\Middleware\StartSession.php(63): Illuminate\Session\Middleware\StartSession-&gt;handleStatefulRequest(Object(Illuminate\Http\Request), Object(Illuminate\Session\Store), Object(Closure))
#31 C:\laragon\www\spw-monolith\vendor\laravel\framework\src\Illuminate\Pipeline\Pipeline.php(219): Illuminate\Session\Middleware\StartSession-&gt;handle(Object(Illuminate\Http\Request), Object(Closure))
#32 C:\laragon\www\spw-monolith\vendor\laravel\framework\src\Illuminate\Cookie\Middleware\AddQueuedCookiesToResponse.php(36): Illuminate\Pipeline\Pipeline-&gt;Illuminate\Pipeline\{closure}(Object(Illuminate\Http\Request))
#33 C:\laragon\www\spw-monolith\vendor\laravel\framework\src\Illuminate\Pipeline\Pipeline.php(219): Illuminate\Cookie\Middleware\AddQueuedCookiesToResponse-&gt;handle(Object(Illuminate\Http\Request), Object(Closure))
#34 C:\laragon\www\spw-monolith\vendor\laravel\framework\src\Illuminate\Cookie\Middleware\EncryptCookies.php(74): Illuminate\Pipeline\Pipeline-&gt;Illuminate\Pipeline\{closure}(Object(Illuminate\Http\Request))
#35 C:\laragon\www\spw-monolith\vendor\laravel\framework\src\Illuminate\Pipeline\Pipeline.php(219): Illuminate\Cookie\Middleware\EncryptCookies-&gt;handle(Object(Illuminate\Http\Request), Object(Closure))
#36 C:\laragon\www\spw-monolith\vendor\laravel\framework\src\Illuminate\Pipeline\Pipeline.php(137): Illuminate\Pipeline\Pipeline-&gt;Illuminate\Pipeline\{closure}(Object(Illuminate\Http\Request))
#37 C:\laragon\www\spw-monolith\vendor\laravel\framework\src\Illuminate\Routing\Router.php(821): Illuminate\Pipeline\Pipeline-&gt;then(Object(Closure))
#38 C:\laragon\www\spw-monolith\vendor\laravel\framework\src\Illuminate\Routing\Router.php(800): Illuminate\Routing\Router-&gt;runRouteWithinStack(Object(Illuminate\Routing\Route), Object(Illuminate\Http\Request))
#39 C:\laragon\www\spw-monolith\vendor\laravel\framework\src\Illuminate\Routing\Router.php(764): Illuminate\Routing\Router-&gt;runRoute(Object(Illuminate\Http\Request), Object(Illuminate\Routing\Route))
#40 C:\laragon\www\spw-monolith\vendor\laravel\framework\src\Illuminate\Routing\Router.php(753): Illuminate\Routing\Router-&gt;dispatchToRoute(Object(Illuminate\Http\Request))
#41 C:\laragon\www\spw-monolith\vendor\laravel\framework\src\Illuminate\Foundation\Http\Kernel.php(200): Illuminate\Routing\Router-&gt;dispatch(Object(Illuminate\Http\Request))
#42 C:\laragon\www\spw-monolith\vendor\laravel\framework\src\Illuminate\Pipeline\Pipeline.php(180): Illuminate\Foundation\Http\Kernel-&gt;Illuminate\Foundation\Http\{closure}(Object(Illuminate\Http\Request))
#43 C:\laragon\www\spw-monolith\vendor\laravel\framework\src\Illuminate\Foundation\Http\Middleware\TransformsRequest.php(21): Illuminate\Pipeline\Pipeline-&gt;Illuminate\Pipeline\{closure}(Object(Illuminate\Http\Request))
#44 C:\laragon\www\spw-monolith\vendor\laravel\framework\src\Illuminate\Foundation\Http\Middleware\ConvertEmptyStringsToNull.php(31): Illuminate\Foundation\Http\Middleware\TransformsRequest-&gt;handle(Object(Illuminate\Http\Request), Object(Closure))
#45 C:\laragon\www\spw-monolith\vendor\laravel\framework\src\Illuminate\Pipeline\Pipeline.php(219): Illuminate\Foundation\Http\Middleware\ConvertEmptyStringsToNull-&gt;handle(Object(Illuminate\Http\Request), Object(Closure))
#46 C:\laragon\www\spw-monolith\vendor\laravel\framework\src\Illuminate\Foundation\Http\Middleware\TransformsRequest.php(21): Illuminate\Pipeline\Pipeline-&gt;Illuminate\Pipeline\{closure}(Object(Illuminate\Http\Request))
#47 C:\laragon\www\spw-monolith\vendor\laravel\framework\src\Illuminate\Foundation\Http\Middleware\TrimStrings.php(51): Illuminate\Foundation\Http\Middleware\TransformsRequest-&gt;handle(Object(Illuminate\Http\Request), Object(Closure))
#48 C:\laragon\www\spw-monolith\vendor\laravel\framework\src\Illuminate\Pipeline\Pipeline.php(219): Illuminate\Foundation\Http\Middleware\TrimStrings-&gt;handle(Object(Illuminate\Http\Request), Object(Closure))
#49 C:\laragon\www\spw-monolith\vendor\laravel\framework\src\Illuminate\Http\Middleware\ValidatePostSize.php(27): Illuminate\Pipeline\Pipeline-&gt;Illuminate\Pipeline\{closure}(Object(Illuminate\Http\Request))
#50 C:\laragon\www\spw-monolith\vendor\laravel\framework\src\Illuminate\Pipeline\Pipeline.php(219): Illuminate\Http\Middleware\ValidatePostSize-&gt;handle(Object(Illuminate\Http\Request), Object(Closure))
#51 C:\laragon\www\spw-monolith\vendor\laravel\framework\src\Illuminate\Foundation\Http\Middleware\PreventRequestsDuringMaintenance.php(109): Illuminate\Pipeline\Pipeline-&gt;Illuminate\Pipeline\{closure}(Object(Illuminate\Http\Request))
#52 C:\laragon\www\spw-monolith\vendor\laravel\framework\src\Illuminate\Pipeline\Pipeline.php(219): Illuminate\Foundation\Http\Middleware\PreventRequestsDuringMaintenance-&gt;handle(Object(Illuminate\Http\Request), Object(Closure))
#53 C:\laragon\www\spw-monolith\vendor\laravel\framework\src\Illuminate\Http\Middleware\HandleCors.php(61): Illuminate\Pipeline\Pipeline-&gt;Illuminate\Pipeline\{closure}(Object(Illuminate\Http\Request))
#54 C:\laragon\www\spw-monolith\vendor\laravel\framework\src\Illuminate\Pipeline\Pipeline.php(219): Illuminate\Http\Middleware\HandleCors-&gt;handle(Object(Illuminate\Http\Request), Object(Closure))
#55 C:\laragon\www\spw-monolith\vendor\laravel\framework\src\Illuminate\Http\Middleware\TrustProxies.php(58): Illuminate\Pipeline\Pipeline-&gt;Illuminate\Pipeline\{closure}(Object(Illuminate\Http\Request))
#56 C:\laragon\www\spw-monolith\vendor\laravel\framework\src\Illuminate\Pipeline\Pipeline.php(219): Illuminate\Http\Middleware\TrustProxies-&gt;handle(Object(Illuminate\Http\Request), Object(Closure))
#57 C:\laragon\www\spw-monolith\vendor\laravel\framework\src\Illuminate\Foundation\Http\Middleware\InvokeDeferredCallbacks.php(22): Illuminate\Pipeline\Pipeline-&gt;Illuminate\Pipeline\{closure}(Object(Illuminate\Http\Request))
#58 C:\laragon\www\spw-monolith\vendor\laravel\framework\src\Illuminate\Pipeline\Pipeline.php(219): Illuminate\Foundation\Http\Middleware\InvokeDeferredCallbacks-&gt;handle(Object(Illuminate\Http\Request), Object(Closure))
#59 C:\laragon\www\spw-monolith\vendor\laravel\framework\src\Illuminate\Http\Middleware\ValidatePathEncoding.php(26): Illuminate\Pipeline\Pipeline-&gt;Illuminate\Pipeline\{closure}(Object(Illuminate\Http\Request))
#60 C:\laragon\www\spw-monolith\vendor\laravel\framework\src\Illuminate\Pipeline\Pipeline.php(219): Illuminate\Http\Middleware\ValidatePathEncoding-&gt;handle(Object(Illuminate\Http\Request), Object(Closure))
#61 C:\laragon\www\spw-monolith\vendor\laravel\framework\src\Illuminate\Pipeline\Pipeline.php(137): Illuminate\Pipeline\Pipeline-&gt;Illuminate\Pipeline\{closure}(Object(Illuminate\Http\Request))
#62 C:\laragon\www\spw-monolith\vendor\laravel\framework\src\Illuminate\Foundation\Http\Kernel.php(175): Illuminate\Pipeline\Pipeline-&gt;then(Object(Closure))
#63 C:\laragon\www\spw-monolith\vendor\laravel\framework\src\Illuminate\Foundation\Http\Kernel.php(144): Illuminate\Foundation\Http\Kernel-&gt;sendRequestThroughRouter(Object(Illuminate\Http\Request))
#64 C:\laragon\www\spw-monolith\vendor\laravel\framework\src\Illuminate\Foundation\Testing\Concerns\MakesHttpRequests.php(607): Illuminate\Foundation\Http\Kernel-&gt;handle(Object(Illuminate\Http\Request))
#65 C:\laragon\www\spw-monolith\vendor\laravel\framework\src\Illuminate\Foundation\Testing\Concerns\MakesHttpRequests.php(368): Illuminate\Foundation\Testing\TestCase-&gt;call('GET', 'http://localhos...', Array, Array, Array, Array)
#66 C:\laragon\www\spw-monolith\tests\Feature\DashboardTest.php(17): Illuminate\Foundation\Testing\TestCase-&gt;get('http://localhos...')
#67 C:\laragon\www\spw-monolith\vendor\phpunit\phpunit\src\Framework\TestCase.php(1656): Tests\Feature\DashboardTest-&gt;test_admin_can_access_admin_dashboard()
#68 C:\laragon\www\spw-monolith\vendor\phpunit\phpunit\src\Framework\TestCase.php(514): PHPUnit\Framework\TestCase-&gt;runTest()
#69 C:\laragon\www\spw-monolith\vendor\phpunit\phpunit\src\Framework\TestRunner\TestRunner.php(87): PHPUnit\Framework\TestCase-&gt;runBare()
#70 C:\laragon\www\spw-monolith\vendor\phpunit\phpunit\src\Framework\TestCase.php(361): PHPUnit\Framework\TestRunner-&gt;run(Object(Tests\Feature\DashboardTest))
#71 C:\laragon\www\spw-monolith\vendor\phpunit\phpunit\src\Framework\TestSuite.php(369): PHPUnit\Framework\TestCase-&gt;run()
#72 C:\laragon\www\spw-monolith\vendor\phpunit\phpunit\src\Framework\TestSuite.php(369): PHPUnit\Framework\TestSuite-&gt;run()
#73 C:\laragon\www\spw-monolith\vendor\phpunit\phpunit\src\Framework\TestSuite.php(369): PHPUnit\Framework\TestSuite-&gt;run()
#74 C:\laragon\www\spw-monolith\vendor\phpunit\phpunit\src\TextUI\TestRunner.php(64): PHPUnit\Framework\TestSuite-&gt;run()
#75 C:\laragon\www\spw-monolith\vendor\phpunit\phpunit\src\TextUI\Application.php(210): PHPUnit\TextUI\TestRunner-&gt;run(Object(PHPUnit\TextUI\Configuration\Configuration), Object(PHPUnit\Runner\ResultCache\DefaultResultCache), Object(PHPUnit\Framework\TestSuite))
#76 C:\laragon\www\spw-monolith\vendor\phpunit\phpunit\phpunit(104): PHPUnit\TextUI\Application-&gt;run(Array)
#77 C:\laragon\www\spw-monolith\vendor\bin\phpunit(123): include('C:\\laragon\\www\\...')
#78 {main}

----------------------------------------------------------------------------------

SQLSTATE[HY000]: General error: 1 no such function: MONTH (Connection: sqlite, Database: :memory:, SQL: select MONTH(created_at) as month, COUNT(*) as count from "orders" where strftime('%Y', "created_at") = cast(2026 as text) group by "month")
&#13;
C:\laragon\www\spw-monolith\vendor\laravel\framework\src\Illuminate\Testing\TestResponseAssert.php:45
C:\laragon\www\spw-monolith\vendor\laravel\framework\src\Illuminate\Testing\TestResponse.php:174
C:\laragon\www\spw-monolith\tests\Feature\DashboardTest.php:19</failure>
        </testcase>
        <testcase name="test_kasir_can_access_kasir_dashboard" file="C:\laragon\www\spw-monolith\tests\Feature\DashboardTest.php" line="22" class="Tests\Feature\DashboardTest" classname="Tests.Feature.DashboardTest" assertions="1" time="0.028040"/>
      </testsuite>
      <testsuite name="Tests\Feature\ItemTest" file="C:\laragon\www\spw-monolith\tests\Feature\ItemTest.php" tests="2" assertions="3" errors="0" failures="2" skipped="0" time="0.407138">
        <testcase name="test_admin_can_create_an_item" file="C:\laragon\www\spw-monolith\tests\Feature\ItemTest.php" line="16" class="Tests\Feature\ItemTest" classname="Tests.Feature.ItemTest" assertions="2" time="0.028836">
          <failure type="PHPUnit\Framework\ExpectationFailedException">Tests\Feature\ItemTest::test_admin_can_create_an_item&#13;
Failed asserting that a row in the table [items] matches the attributes {
    "name": "Testing Burger"
}.

The table is empty.
&#13;
C:\laragon\www\spw-monolith\vendor\laravel\framework\src\Illuminate\Foundation\Testing\Concerns\InteractsWithDatabase.php:43
C:\laragon\www\spw-monolith\tests\Feature\ItemTest.php:33</failure>
        </testcase>
        <testcase name="test_admin_can_delete_an_item" file="C:\laragon\www\spw-monolith\tests\Feature\ItemTest.php" line="36" class="Tests\Feature\ItemTest" classname="Tests.Feature.ItemTest" assertions="1" time="0.378302">
          <failure type="PHPUnit\Framework\ExpectationFailedException">Tests\Feature\ItemTest::test_admin_can_delete_an_item&#13;
Expected response status code [302] but received 500.
Failed asserting that 500 is identical to 302.&#13;
&#13;
The following exception occurred during the last request:

TypeError: League\Flysystem\Filesystem::has(): Argument #1 ($location) must be of type string, null given, called in C:\laragon\www\spw-monolith\vendor\laravel\framework\src\Illuminate\Filesystem\FilesystemAdapter.php on line 218 and defined in C:\laragon\www\spw-monolith\vendor\league\flysystem\src\Filesystem.php:46
Stack trace:
#0 C:\laragon\www\spw-monolith\vendor\laravel\framework\src\Illuminate\Filesystem\FilesystemAdapter.php(218): League\Flysystem\Filesystem-&gt;has(NULL)
#1 C:\laragon\www\spw-monolith\app\Http\Controllers\ItemController.php(84): Illuminate\Filesystem\FilesystemAdapter-&gt;exists(NULL)
#2 C:\laragon\www\spw-monolith\vendor\laravel\framework\src\Illuminate\Routing\ControllerDispatcher.php(46): App\Http\Controllers\ItemController-&gt;destroy(Object(App\Models\Item))
#3 C:\laragon\www\spw-monolith\vendor\laravel\framework\src\Illuminate\Routing\Route.php(265): Illuminate\Routing\ControllerDispatcher-&gt;dispatch(Object(Illuminate\Routing\Route), Object(App\Http\Controllers\ItemController), 'destroy')
#4 C:\laragon\www\spw-monolith\vendor\laravel\framework\src\Illuminate\Routing\Route.php(211): Illuminate\Routing\Route-&gt;runController()
#5 C:\laragon\www\spw-monolith\vendor\laravel\framework\src\Illuminate\Routing\Router.php(822): Illuminate\Routing\Route-&gt;run()
#6 C:\laragon\www\spw-monolith\vendor\laravel\framework\src\Illuminate\Pipeline\Pipeline.php(180): Illuminate\Routing\Router-&gt;Illuminate\Routing\{closure}(Object(Illuminate\Http\Request))
#7 C:\laragon\www\spw-monolith\app\Http\Middleware\RoleMiddleware.php(24): Illuminate\Pipeline\Pipeline-&gt;Illuminate\Pipeline\{closure}(Object(Illuminate\Http\Request))
#8 C:\laragon\www\spw-monolith\vendor\laravel\framework\src\Illuminate\Pipeline\Pipeline.php(219): App\Http\Middleware\RoleMiddleware-&gt;handle(Object(Illuminate\Http\Request), Object(Closure), 'admin', 'staff')
#9 C:\laragon\www\spw-monolith\app\Http\Middleware\DetectUnsupportedBrowser.php(28): Illuminate\Pipeline\Pipeline-&gt;Illuminate\Pipeline\{closure}(Object(Illuminate\Http\Request))
#10 C:\laragon\www\spw-monolith\vendor\laravel\framework\src\Illuminate\Pipeline\Pipeline.php(219): App\Http\Middleware\DetectUnsupportedBrowser-&gt;handle(Object(Illuminate\Http\Request), Object(Closure))
#11 C:\laragon\www\spw-monolith\vendor\laravel\framework\src\Illuminate\Http\Middleware\AddLinkHeadersForPreloadedAssets.php(32): Illuminate\Pipeline\Pipeline-&gt;Illuminate\Pipeline\{closure}(Object(Illuminate\Http\Request))
#12 C:\laragon\www\spw-monolith\vendor\laravel\framework\src\Illuminate\Pipeline\Pipeline.php(219): Illuminate\Http\Middleware\AddLinkHeadersForPreloadedAssets-&gt;handle(Object(Illuminate\Http\Request), Object(Closure))
#13 C:\laragon\www\spw-monolith\vendor\inertiajs\inertia-laravel\src\Middleware.php(100): Illuminate\Pipeline\Pipeline-&gt;Illuminate\Pipeline\{closure}(Object(Illuminate\Http\Request))
#14 C:\laragon\www\spw-monolith\vendor\laravel\framework\src\Illuminate\Pipeline\Pipeline.php(219): Inertia\Middleware-&gt;handle(Object(Illuminate\Http\Request), Object(Closure))
#15 C:\laragon\www\spw-monolith\vendor\laravel\framework\src\Illuminate\Routing\Middleware\SubstituteBindings.php(50): Illuminate\Pipeline\Pipeline-&gt;Illuminate\Pipeline\{closure}(Object(Illuminate\Http\Request))
#16 C:\laragon\www\spw-monolith\vendor\laravel\framework\src\Illuminate\Pipeline\Pipeline.php(219): Illuminate\Routing\Middleware\SubstituteBindings-&gt;handle(Object(Illuminate\Http\Request), Object(Closure))
#17 C:\laragon\www\spw-monolith\vendor\laravel\framework\src\Illuminate\Auth\Middleware\Authenticate.php(63): Illuminate\Pipeline\Pipeline-&gt;Illuminate\Pipeline\{closure}(Object(Illuminate\Http\Request))
#18 C:\laragon\www\spw-monolith\vendor\laravel\framework\src\Illuminate\Pipeline\Pipeline.php(219): Illuminate\Auth\Middleware\Authenticate-&gt;handle(Object(Illuminate\Http\Request), Object(Closure))
#19 C:\laragon\www\spw-monolith\vendor\laravel\framework\src\Illuminate\Foundation\Http\Middleware\VerifyCsrfToken.php(87): Illuminate\Pipeline\Pipeline-&gt;Illuminate\Pipeline\{closure}(Object(Illuminate\Http\Request))
#20 C:\laragon\www\spw-monolith\vendor\laravel\framework\src\Illuminate\Pipeline\Pipeline.php(219): Illuminate\Foundation\Http\Middleware\VerifyCsrfToken-&gt;handle(Object(Illuminate\Http\Request), Object(Closure))
#21 C:\laragon\www\spw-monolith\vendor\laravel\framework\src\Illuminate\View\Middleware\ShareErrorsFromSession.php(48): Illuminate\Pipeline\Pipeline-&gt;Illuminate\Pipeline\{closure}(Object(Illuminate\Http\Request))
#22 C:\laragon\www\spw-monolith\vendor\laravel\framework\src\Illuminate\Pipeline\Pipeline.php(219): Illuminate\View\Middleware\ShareErrorsFromSession-&gt;handle(Object(Illuminate\Http\Request), Object(Closure))
#23 C:\laragon\www\spw-monolith\vendor\laravel\framework\src\Illuminate\Session\Middleware\StartSession.php(120): Illuminate\Pipeline\Pipeline-&gt;Illuminate\Pipeline\{closure}(Object(Illuminate\Http\Request))
#24 C:\laragon\www\spw-monolith\vendor\laravel\framework\src\Illuminate\Session\Middleware\StartSession.php(63): Illuminate\Session\Middleware\StartSession-&gt;handleStatefulRequest(Object(Illuminate\Http\Request), Object(Illuminate\Session\Store), Object(Closure))
#25 C:\laragon\www\spw-monolith\vendor\laravel\framework\src\Illuminate\Pipeline\Pipeline.php(219): Illuminate\Session\Middleware\StartSession-&gt;handle(Object(Illuminate\Http\Request), Object(Closure))
#26 C:\laragon\www\spw-monolith\vendor\laravel\framework\src\Illuminate\Cookie\Middleware\AddQueuedCookiesToResponse.php(36): Illuminate\Pipeline\Pipeline-&gt;Illuminate\Pipeline\{closure}(Object(Illuminate\Http\Request))
#27 C:\laragon\www\spw-monolith\vendor\laravel\framework\src\Illuminate\Pipeline\Pipeline.php(219): Illuminate\Cookie\Middleware\AddQueuedCookiesToResponse-&gt;handle(Object(Illuminate\Http\Request), Object(Closure))
#28 C:\laragon\www\spw-monolith\vendor\laravel\framework\src\Illuminate\Cookie\Middleware\EncryptCookies.php(74): Illuminate\Pipeline\Pipeline-&gt;Illuminate\Pipeline\{closure}(Object(Illuminate\Http\Request))
#29 C:\laragon\www\spw-monolith\vendor\laravel\framework\src\Illuminate\Pipeline\Pipeline.php(219): Illuminate\Cookie\Middleware\EncryptCookies-&gt;handle(Object(Illuminate\Http\Request), Object(Closure))
#30 C:\laragon\www\spw-monolith\vendor\laravel\framework\src\Illuminate\Pipeline\Pipeline.php(137): Illuminate\Pipeline\Pipeline-&gt;Illuminate\Pipeline\{closure}(Object(Illuminate\Http\Request))
#31 C:\laragon\www\spw-monolith\vendor\laravel\framework\src\Illuminate\Routing\Router.php(821): Illuminate\Pipeline\Pipeline-&gt;then(Object(Closure))
#32 C:\laragon\www\spw-monolith\vendor\laravel\framework\src\Illuminate\Routing\Router.php(800): Illuminate\Routing\Router-&gt;runRouteWithinStack(Object(Illuminate\Routing\Route), Object(Illuminate\Http\Request))
#33 C:\laragon\www\spw-monolith\vendor\laravel\framework\src\Illuminate\Routing\Router.php(764): Illuminate\Routing\Router-&gt;runRoute(Object(Illuminate\Http\Request), Object(Illuminate\Routing\Route))
#34 C:\laragon\www\spw-monolith\vendor\laravel\framework\src\Illuminate\Routing\Router.php(753): Illuminate\Routing\Router-&gt;dispatchToRoute(Object(Illuminate\Http\Request))
#35 C:\laragon\www\spw-monolith\vendor\laravel\framework\src\Illuminate\Foundation\Http\Kernel.php(200): Illuminate\Routing\Router-&gt;dispatch(Object(Illuminate\Http\Request))
#36 C:\laragon\www\spw-monolith\vendor\laravel\framework\src\Illuminate\Pipeline\Pipeline.php(180): Illuminate\Foundation\Http\Kernel-&gt;Illuminate\Foundation\Http\{closure}(Object(Illuminate\Http\Request))
#37 C:\laragon\www\spw-monolith\vendor\laravel\framework\src\Illuminate\Foundation\Http\Middleware\TransformsRequest.php(21): Illuminate\Pipeline\Pipeline-&gt;Illuminate\Pipeline\{closure}(Object(Illuminate\Http\Request))
#38 C:\laragon\www\spw-monolith\vendor\laravel\framework\src\Illuminate\Foundation\Http\Middleware\ConvertEmptyStringsToNull.php(31): Illuminate\Foundation\Http\Middleware\TransformsRequest-&gt;handle(Object(Illuminate\Http\Request), Object(Closure))
#39 C:\laragon\www\spw-monolith\vendor\laravel\framework\src\Illuminate\Pipeline\Pipeline.php(219): Illuminate\Foundation\Http\Middleware\ConvertEmptyStringsToNull-&gt;handle(Object(Illuminate\Http\Request), Object(Closure))
#40 C:\laragon\www\spw-monolith\vendor\laravel\framework\src\Illuminate\Foundation\Http\Middleware\TransformsRequest.php(21): Illuminate\Pipeline\Pipeline-&gt;Illuminate\Pipeline\{closure}(Object(Illuminate\Http\Request))
#41 C:\laragon\www\spw-monolith\vendor\laravel\framework\src\Illuminate\Foundation\Http\Middleware\TrimStrings.php(51): Illuminate\Foundation\Http\Middleware\TransformsRequest-&gt;handle(Object(Illuminate\Http\Request), Object(Closure))
#42 C:\laragon\www\spw-monolith\vendor\laravel\framework\src\Illuminate\Pipeline\Pipeline.php(219): Illuminate\Foundation\Http\Middleware\TrimStrings-&gt;handle(Object(Illuminate\Http\Request), Object(Closure))
#43 C:\laragon\www\spw-monolith\vendor\laravel\framework\src\Illuminate\Http\Middleware\ValidatePostSize.php(27): Illuminate\Pipeline\Pipeline-&gt;Illuminate\Pipeline\{closure}(Object(Illuminate\Http\Request))
#44 C:\laragon\www\spw-monolith\vendor\laravel\framework\src\Illuminate\Pipeline\Pipeline.php(219): Illuminate\Http\Middleware\ValidatePostSize-&gt;handle(Object(Illuminate\Http\Request), Object(Closure))
#45 C:\laragon\www\spw-monolith\vendor\laravel\framework\src\Illuminate\Foundation\Http\Middleware\PreventRequestsDuringMaintenance.php(109): Illuminate\Pipeline\Pipeline-&gt;Illuminate\Pipeline\{closure}(Object(Illuminate\Http\Request))
#46 C:\laragon\www\spw-monolith\vendor\laravel\framework\src\Illuminate\Pipeline\Pipeline.php(219): Illuminate\Foundation\Http\Middleware\PreventRequestsDuringMaintenance-&gt;handle(Object(Illuminate\Http\Request), Object(Closure))
#47 C:\laragon\www\spw-monolith\vendor\laravel\framework\src\Illuminate\Http\Middleware\HandleCors.php(61): Illuminate\Pipeline\Pipeline-&gt;Illuminate\Pipeline\{closure}(Object(Illuminate\Http\Request))
#48 C:\laragon\www\spw-monolith\vendor\laravel\framework\src\Illuminate\Pipeline\Pipeline.php(219): Illuminate\Http\Middleware\HandleCors-&gt;handle(Object(Illuminate\Http\Request), Object(Closure))
#49 C:\laragon\www\spw-monolith\vendor\laravel\framework\src\Illuminate\Http\Middleware\TrustProxies.php(58): Illuminate\Pipeline\Pipeline-&gt;Illuminate\Pipeline\{closure}(Object(Illuminate\Http\Request))
#50 C:\laragon\www\spw-monolith\vendor\laravel\framework\src\Illuminate\Pipeline\Pipeline.php(219): Illuminate\Http\Middleware\TrustProxies-&gt;handle(Object(Illuminate\Http\Request), Object(Closure))
#51 C:\laragon\www\spw-monolith\vendor\laravel\framework\src\Illuminate\Foundation\Http\Middleware\InvokeDeferredCallbacks.php(22): Illuminate\Pipeline\Pipeline-&gt;Illuminate\Pipeline\{closure}(Object(Illuminate\Http\Request))
#52 C:\laragon\www\spw-monolith\vendor\laravel\framework\src\Illuminate\Pipeline\Pipeline.php(219): Illuminate\Foundation\Http\Middleware\InvokeDeferredCallbacks-&gt;handle(Object(Illuminate\Http\Request), Object(Closure))
#53 C:\laragon\www\spw-monolith\vendor\laravel\framework\src\Illuminate\Http\Middleware\ValidatePathEncoding.php(26): Illuminate\Pipeline\Pipeline-&gt;Illuminate\Pipeline\{closure}(Object(Illuminate\Http\Request))
#54 C:\laragon\www\spw-monolith\vendor\laravel\framework\src\Illuminate\Pipeline\Pipeline.php(219): Illuminate\Http\Middleware\ValidatePathEncoding-&gt;handle(Object(Illuminate\Http\Request), Object(Closure))
#55 C:\laragon\www\spw-monolith\vendor\laravel\framework\src\Illuminate\Pipeline\Pipeline.php(137): Illuminate\Pipeline\Pipeline-&gt;Illuminate\Pipeline\{closure}(Object(Illuminate\Http\Request))
#56 C:\laragon\www\spw-monolith\vendor\laravel\framework\src\Illuminate\Foundation\Http\Kernel.php(175): Illuminate\Pipeline\Pipeline-&gt;then(Object(Closure))
#57 C:\laragon\www\spw-monolith\vendor\laravel\framework\src\Illuminate\Foundation\Http\Kernel.php(144): Illuminate\Foundation\Http\Kernel-&gt;sendRequestThroughRouter(Object(Illuminate\Http\Request))
#58 C:\laragon\www\spw-monolith\vendor\laravel\framework\src\Illuminate\Foundation\Testing\Concerns\MakesHttpRequests.php(607): Illuminate\Foundation\Http\Kernel-&gt;handle(Object(Illuminate\Http\Request))
#59 C:\laragon\www\spw-monolith\vendor\laravel\framework\src\Illuminate\Foundation\Testing\Concerns\MakesHttpRequests.php(487): Illuminate\Foundation\Testing\TestCase-&gt;call('DELETE', 'http://localhos...', Array, Array, Array, Array)
#60 C:\laragon\www\spw-monolith\tests\Feature\ItemTest.php(41): Illuminate\Foundation\Testing\TestCase-&gt;delete('http://localhos...')
#61 C:\laragon\www\spw-monolith\vendor\phpunit\phpunit\src\Framework\TestCase.php(1656): Tests\Feature\ItemTest-&gt;test_admin_can_delete_an_item()
#62 C:\laragon\www\spw-monolith\vendor\phpunit\phpunit\src\Framework\TestCase.php(514): PHPUnit\Framework\TestCase-&gt;runTest()
#63 C:\laragon\www\spw-monolith\vendor\phpunit\phpunit\src\Framework\TestRunner\TestRunner.php(87): PHPUnit\Framework\TestCase-&gt;runBare()
#64 C:\laragon\www\spw-monolith\vendor\phpunit\phpunit\src\Framework\TestCase.php(361): PHPUnit\Framework\TestRunner-&gt;run(Object(Tests\Feature\ItemTest))
#65 C:\laragon\www\spw-monolith\vendor\phpunit\phpunit\src\Framework\TestSuite.php(369): PHPUnit\Framework\TestCase-&gt;run()
#66 C:\laragon\www\spw-monolith\vendor\phpunit\phpunit\src\Framework\TestSuite.php(369): PHPUnit\Framework\TestSuite-&gt;run()
#67 C:\laragon\www\spw-monolith\vendor\phpunit\phpunit\src\Framework\TestSuite.php(369): PHPUnit\Framework\TestSuite-&gt;run()
#68 C:\laragon\www\spw-monolith\vendor\phpunit\phpunit\src\TextUI\TestRunner.php(64): PHPUnit\Framework\TestSuite-&gt;run()
#69 C:\laragon\www\spw-monolith\vendor\phpunit\phpunit\src\TextUI\Application.php(210): PHPUnit\TextUI\TestRunner-&gt;run(Object(PHPUnit\TextUI\Configuration\Configuration), Object(PHPUnit\Runner\ResultCache\DefaultResultCache), Object(PHPUnit\Framework\TestSuite))
#70 C:\laragon\www\spw-monolith\vendor\phpunit\phpunit\phpunit(104): PHPUnit\TextUI\Application-&gt;run(Array)
#71 C:\laragon\www\spw-monolith\vendor\bin\phpunit(123): include('C:\\laragon\\www\\...')
#72 {main}

----------------------------------------------------------------------------------

League\Flysystem\Filesystem::has(): Argument #1 ($location) must be of type string, null given, called in C:\laragon\www\spw-monolith\vendor\laravel\framework\src\Illuminate\Filesystem\FilesystemAdapter.php on line 218
&#13;
C:\laragon\www\spw-monolith\vendor\laravel\framework\src\Illuminate\Testing\TestResponseAssert.php:45
C:\laragon\www\spw-monolith\vendor\laravel\framework\src\Illuminate\Testing\TestResponse.php:174
C:\laragon\www\spw-monolith\tests\Feature\ItemTest.php:43</failure>
        </testcase>
      </testsuite>
      <testsuite name="Tests\Feature\ProfileTest" file="C:\laragon\www\spw-monolith\tests\Feature\ProfileTest.php" tests="5" assertions="8" errors="0" failures="5" skipped="0" time="0.113674">
        <testcase name="test_profile_page_is_displayed" file="C:\laragon\www\spw-monolith\tests\Feature\ProfileTest.php" line="13" class="Tests\Feature\ProfileTest" classname="Tests.Feature.ProfileTest" assertions="1" time="0.023555">
          <failure type="PHPUnit\Framework\ExpectationFailedException">Tests\Feature\ProfileTest::test_profile_page_is_displayed&#13;
Expected response status code [200] but received 404.
Failed asserting that 404 is identical to 200.
&#13;
C:\laragon\www\spw-monolith\vendor\laravel\framework\src\Illuminate\Testing\TestResponseAssert.php:45
C:\laragon\www\spw-monolith\vendor\laravel\framework\src\Illuminate\Testing\TestResponse.php:174
C:\laragon\www\spw-monolith\vendor\laravel\framework\src\Illuminate\Testing\Concerns\AssertsStatusCodes.php:16
C:\laragon\www\spw-monolith\tests\Feature\ProfileTest.php:21</failure>
        </testcase>
        <testcase name="test_profile_information_can_be_updated" file="C:\laragon\www\spw-monolith\tests\Feature\ProfileTest.php" line="24" class="Tests\Feature\ProfileTest" classname="Tests.Feature.ProfileTest" assertions="2" time="0.020894">
          <failure type="PHPUnit\Framework\ExpectationFailedException">Tests\Feature\ProfileTest::test_profile_information_can_be_updated&#13;
Expected response status code [201, 301, 302, 303, 307, 308] but received 404.
Failed asserting that false is true.
&#13;
C:\laragon\www\spw-monolith\vendor\laravel\framework\src\Illuminate\Testing\TestResponseAssert.php:45
C:\laragon\www\spw-monolith\vendor\laravel\framework\src\Illuminate\Testing\TestResponse.php:199
C:\laragon\www\spw-monolith\tests\Feature\ProfileTest.php:37</failure>
        </testcase>
        <testcase name="test_email_verification_status_is_unchanged_when_the_email_address_is_unchanged" file="C:\laragon\www\spw-monolith\tests\Feature\ProfileTest.php" line="46" class="Tests\Feature\ProfileTest" classname="Tests.Feature.ProfileTest" assertions="2" time="0.023553">
          <failure type="PHPUnit\Framework\ExpectationFailedException">Tests\Feature\ProfileTest::test_email_verification_status_is_unchanged_when_the_email_address_is_unchanged&#13;
Expected response status code [201, 301, 302, 303, 307, 308] but received 404.
Failed asserting that false is true.
&#13;
C:\laragon\www\spw-monolith\vendor\laravel\framework\src\Illuminate\Testing\TestResponseAssert.php:45
C:\laragon\www\spw-monolith\vendor\laravel\framework\src\Illuminate\Testing\TestResponse.php:199
C:\laragon\www\spw-monolith\tests\Feature\ProfileTest.php:59</failure>
        </testcase>
        <testcase name="test_user_can_delete_their_account" file="C:\laragon\www\spw-monolith\tests\Feature\ProfileTest.php" line="64" class="Tests\Feature\ProfileTest" classname="Tests.Feature.ProfileTest" assertions="2" time="0.023649">
          <failure type="PHPUnit\Framework\ExpectationFailedException">Tests\Feature\ProfileTest::test_user_can_delete_their_account&#13;
Expected response status code [201, 301, 302, 303, 307, 308] but received 404.
Failed asserting that false is true.
&#13;
C:\laragon\www\spw-monolith\vendor\laravel\framework\src\Illuminate\Testing\TestResponseAssert.php:45
C:\laragon\www\spw-monolith\vendor\laravel\framework\src\Illuminate\Testing\TestResponse.php:199
C:\laragon\www\spw-monolith\tests\Feature\ProfileTest.php:76</failure>
        </testcase>
        <testcase name="test_correct_password_must_be_provided_to_delete_account" file="C:\laragon\www\spw-monolith\tests\Feature\ProfileTest.php" line="82" class="Tests\Feature\ProfileTest" classname="Tests.Feature.ProfileTest" assertions="1" time="0.022024">
          <failure type="PHPUnit\Framework\ExpectationFailedException">Tests\Feature\ProfileTest::test_correct_password_must_be_provided_to_delete_account&#13;
Session is missing expected key [errors].
Failed asserting that false is true.
&#13;
C:\laragon\www\spw-monolith\vendor\laravel\framework\src\Illuminate\Testing\TestResponseAssert.php:45
C:\laragon\www\spw-monolith\vendor\laravel\framework\src\Illuminate\Testing\TestResponse.php:1546
C:\laragon\www\spw-monolith\vendor\laravel\framework\src\Illuminate\Testing\TestResponse.php:1633
C:\laragon\www\spw-monolith\tests\Feature\ProfileTest.php:94</failure>
        </testcase>
      </testsuite>
    </testsuite>
  </testsuite>
</testsuites>
